<?xml version="1.0" encoding="UTF-8"?>
<testsuite name="io.nextflow.pregex.PRegExExtensionTest" tests="19" skipped="0" failures="2" errors="0" timestamp="2025-12-26T05:39:56.772Z" hostname="greychill.local" time="0.682">
  <properties/>
  <testcase name="Either function should create Either pattern" classname="io.nextflow.pregex.PRegExExtensionTest" time="0.489"/>
  <testcase name="Literal function should create Literal pattern" classname="io.nextflow.pregex.PRegExExtensionTest" time="0.012"/>
  <testcase name="Optional function should create Optional pattern" classname="io.nextflow.pregex.PRegExExtensionTest" time="0.003"/>
  <testcase name="OneOrMore function should create OneOrMore pattern" classname="io.nextflow.pregex.PRegExExtensionTest" time="0.004"/>
  <testcase name="ZeroOrMore function should create ZeroOrMore pattern" classname="io.nextflow.pregex.PRegExExtensionTest" time="0.004"/>
  <testcase name="Exactly function should create Exactly pattern" classname="io.nextflow.pregex.PRegExExtensionTest" time="0.004"/>
  <testcase name="Range function should create Range pattern" classname="io.nextflow.pregex.PRegExExtensionTest" time="0.004"/>
  <testcase name="AtLeast function should create AtLeast pattern" classname="io.nextflow.pregex.PRegExExtensionTest" time="0.003"/>
  <testcase name="Sequence function should create Sequence pattern" classname="io.nextflow.pregex.PRegExExtensionTest" time="0.125">
    <failure message="Condition not satisfied:&#10;&#10;pattern.toRegex() == 'hello world'&#10;|       |         |&#10;|       |         false&#10;|       |         3 differences (78% similarity)&#10;|       |         he(\\)l(\\)lo wor(\\)ld&#10;|       |         he(-~)l(-~)lo wor(-~)ld&#10;|       he\l\lo wor\ld&#10;he\l\lo wor\ld&#10;" type="org.spockframework.runtime.SpockComparisonFailure">Condition not satisfied:

pattern.toRegex() == 'hello world'
|       |         |
|       |         false
|       |         3 differences (78% similarity)
|       |         he(\\)l(\\)lo wor(\\)ld
|       |         he(-~)l(-~)lo wor(-~)ld
|       he\l\lo wor\ld
he\l\lo wor\ld

	at io.nextflow.pregex.PRegExExtensionTest.Sequence function should create Sequence pattern(PRegExExtensionTest.groovy:91)
</failure>
  </testcase>
  <testcase name="AnyChar function should create AnyChar pattern" classname="io.nextflow.pregex.PRegExExtensionTest" time="0.003"/>
  <testcase name="Digit function should create Digit pattern" classname="io.nextflow.pregex.PRegExExtensionTest" time="0.002"/>
  <testcase name="WordChar function should create WordChar pattern" classname="io.nextflow.pregex.PRegExExtensionTest" time="0.002"/>
  <testcase name="Whitespace function should create Whitespace pattern" classname="io.nextflow.pregex.PRegExExtensionTest" time="0.004"/>
  <testcase name="StartOfLine function should create StartOfLine pattern" classname="io.nextflow.pregex.PRegExExtensionTest" time="0.003"/>
  <testcase name="EndOfLine function should create EndOfLine pattern" classname="io.nextflow.pregex.PRegExExtensionTest" time="0.002"/>
  <testcase name="CharClass function should create CharClass pattern" classname="io.nextflow.pregex.PRegExExtensionTest" time="0.004"/>
  <testcase name="NotCharClass function should create negated CharClass pattern" classname="io.nextflow.pregex.PRegExExtensionTest" time="0.001"/>
  <testcase name="Complex composition should work" classname="io.nextflow.pregex.PRegExExtensionTest" time="0.004"/>
  <testcase name="Chaining with built-in methods should work" classname="io.nextflow.pregex.PRegExExtensionTest" time="0.008">
    <failure message="Condition not satisfied:&#10;&#10;pattern.toRegex() == 'sample\\d'&#10;|       |         |&#10;|       samp\le\d false&#10;samp\le\d         1 difference (88% similarity)&#10;                  samp(\\)le\\d&#10;                  samp(-~)le\\d&#10;" type="org.spockframework.runtime.SpockComparisonFailure">Condition not satisfied:

pattern.toRegex() == 'sample\\d'
|       |         |
|       samp\le\d false
samp\le\d         1 difference (88% similarity)
                  samp(\\)le\\d
                  samp(-~)le\\d

	at io.nextflow.pregex.PRegExExtensionTest.Chaining with built-in methods should work(PRegExExtensionTest.groovy:177)
</failure>
  </testcase>
  <system-out><![CDATA[]]></system-out>
  <system-err><![CDATA[]]></system-err>
</testsuite>
