<?xml version="1.0" encoding="UTF-8"?>
<testsuite name="io.nextflow.pregex.PRegExExtensionTest" tests="19" skipped="0" failures="0" errors="0" timestamp="2025-12-26T05:50:36.626Z" hostname="greychill.local" time="0.574">
  <properties/>
  <testcase name="Either function should create Either pattern" classname="io.nextflow.pregex.PRegExExtensionTest" time="0.5"/>
  <testcase name="Literal function should create Literal pattern" classname="io.nextflow.pregex.PRegExExtensionTest" time="0.003"/>
  <testcase name="Optional function should create Optional pattern" classname="io.nextflow.pregex.PRegExExtensionTest" time="0.002"/>
  <testcase name="OneOrMore function should create OneOrMore pattern" classname="io.nextflow.pregex.PRegExExtensionTest" time="0.003"/>
  <testcase name="ZeroOrMore function should create ZeroOrMore pattern" classname="io.nextflow.pregex.PRegExExtensionTest" time="0.004"/>
  <testcase name="Exactly function should create Exactly pattern" classname="io.nextflow.pregex.PRegExExtensionTest" time="0.004"/>
  <testcase name="Range function should create Range pattern" classname="io.nextflow.pregex.PRegExExtensionTest" time="0.004"/>
  <testcase name="AtLeast function should create AtLeast pattern" classname="io.nextflow.pregex.PRegExExtensionTest" time="0.002"/>
  <testcase name="Sequence function should create Sequence pattern" classname="io.nextflow.pregex.PRegExExtensionTest" time="0.006"/>
  <testcase name="AnyChar function should create AnyChar pattern" classname="io.nextflow.pregex.PRegExExtensionTest" time="0.012"/>
  <testcase name="Digit function should create Digit pattern" classname="io.nextflow.pregex.PRegExExtensionTest" time="0.001"/>
  <testcase name="WordChar function should create WordChar pattern" classname="io.nextflow.pregex.PRegExExtensionTest" time="0.001"/>
  <testcase name="Whitespace function should create Whitespace pattern" classname="io.nextflow.pregex.PRegExExtensionTest" time="0.005"/>
  <testcase name="StartOfLine function should create StartOfLine pattern" classname="io.nextflow.pregex.PRegExExtensionTest" time="0.003"/>
  <testcase name="EndOfLine function should create EndOfLine pattern" classname="io.nextflow.pregex.PRegExExtensionTest" time="0.002"/>
  <testcase name="CharClass function should create CharClass pattern" classname="io.nextflow.pregex.PRegExExtensionTest" time="0.009"/>
  <testcase name="NotCharClass function should create negated CharClass pattern" classname="io.nextflow.pregex.PRegExExtensionTest" time="0.002"/>
  <testcase name="Complex composition should work" classname="io.nextflow.pregex.PRegExExtensionTest" time="0.004"/>
  <testcase name="Chaining with built-in methods should work" classname="io.nextflow.pregex.PRegExExtensionTest" time="0.002"/>
  <system-out><![CDATA[]]></system-out>
  <system-err><![CDATA[]]></system-err>
</testsuite>
